
Warning： 找不到package.json文件(不影响转换，无视这条)

miniprogram to uni-app 转换日志

---基本信息---
时间: 2021-03-17 14:49:15
语言: Javascript
转换模式: Hbuilder X
是否转换wxs文件: false

---小程序基本信息---
name: 默契答题
version: 
description: 
appid: wx116848d32a395f21
projectname: 
compileType: miniprogram
author: 

---目录信息---
sourceFolder: C:\Users\surface\Downloads\501ebba1\hbdt
targetFolder: C:\Users\surface\Downloads\501ebba1\hbdt_uni
outputFolder: C:\Users\surface\Downloads\501ebba1\hbdt_uni
miniprogramRoot: C:\Users\surface\Downloads\501ebba1\hbdt

---日志信息---
Convert App.vue success!
Convert component siteinfo.js success!
Convert component utils\util.js success!
Convert pages\already\index.vue success!
Convert pages\cash\index.vue success!
Convert pages\answer\index.vue success!
Convert pages\demolition\index.vue success!
Convert pages\detail\index.vue success!
Convert pages\generate\index.vue success!
Convert pages\index\index.vue success!
Convert pages\library\index.vue success!
Convert pages\lssue\index.vue success!
Convert pages\member\index.vue success!
Convert pages\open\index.vue success!
Convert pages\order\index.vue success!
Convert pages\problem\index.vue success!
Convert pages\record\index.vue success!
Convert pages\share\index.vue success!
Convert we7\pages\index\index.css.wxss success!
Convert we7\pages\newsDetail\newsDetail.css.wxss success!
Convert we7\pages\selectarea\selectarea.css.wxss success!
Convert component we7\resource\js\base64.js success!
Convert component we7\resource\js\htmlToWxml.js success!
Convert component we7\resource\js\md5.js success!
Convert component we7\resource\js\underscore.js success!
Convert component we7\resource\js\util.js success!
Convert we7\pages\user\index\index.css.wxss success!
[命名替换]:  switch  -->  switchFun    file: pages\lssue\index.js
[命名替换]:  switch  -->  switchFun    file: pages\lssue\index.js
[命名替换]:  switch  -->  switchFun    file: pages\lssue\index.js
[命名替换]:  switch  -->  switchFun    file: pages\lssue\index.js
[命名替换]:  waring  -->  waringFun    file: pages\order\index.js
[命名替换]:  waring  -->  waringFun    file: pages\order\index.js
[命名替换]:  waring  -->  waringFun    file: pages\order\index.js
[命名替换]:  waring  -->  waringFun    file: pages\order\index.js
[命名替换]:  waring  -->  waringFun    file: pages\order\index.js
[命名替换]:  waring  -->  waringFun    file: pages\order\index.js
[命名替换]:  waring  -->  waringFun    file: pages\order\index.js
[命名替换]:  waring  -->  waringFun    file: pages\order\index.js
[命名替换]:  waring  -->  waringFun    file: pages\order\index.js
[命名替换]:  waring  -->  waringFun    file: pages\order\index.js
[命名替换]:  waring  -->  waringFun    file: pages\order\index.js
[命名替换]:  waring  -->  waringFun    file: pages\order\index.js

转换完成: 
耗时：5553ms
当前转换模式：【Hbuilder X】，生成HbuilderX项目。
优点：上手快，项目结构较简单；
缺点：资源路径会因为表达式而无法全部被修复(“可能”需手动修复)

注意：
1.当看到"image漏网之鱼"，意味着您"可能"，“可能”，记住是“可能”，但不一定需要手动调整对应代码(以实际编译运行为准)，当image标签的src属性是含变量或表达式，工具还无法做到100%转换，需要手动修改为相对/static目录的路径


日志说明：
1. image漏网之鱼 --> 为HbuilderX模式时，需要将资源移动到static，并且修复相应文件路径，有可能src为网络文件，有可能为变量或表达式，可能会导致转换后文件找不到，因此提示一下
修复提示：编译时，如有报错就将对应位置修复即可(虽然目前uni-app有类似的支持，似乎并不完善)

2. 命名替换 --> 小程序里对于属性名基本没什么限制，如id能做属性名，data下面的变量和函数名还能重名，但这些在uni-app里是不支持的，因此做了相关替换，并记录日志，也许组件在外部调用时，函数名被改而因此报错时，请查看答疑文档
